
[2018-04-12T17:05:23.272] [INFO] default - server runing 
[2018-04-12T17:05:23.410] [INFO] default - 链接成功
[2018-04-12T17:06:15.616] [INFO] default - server runing 
[2018-04-12T17:06:15.753] [INFO] default - 链接成功
[2018-04-12T17:10:33.090] [INFO] out - server runing 
[2018-04-12T17:10:33.220] [INFO] out - 链接成功
[2018-04-12T17:10:38.956] [INFO] out - success [ { _id: 5ab24c006c1b0af8effaf073,
    username: 'admin',
    password: '123456',
    introduction: '简介',
    avatar: 'https://i.loli.net/2017/08/21/599a521472424.jpg',
    createtime: '1522069100' } ]
[2018-04-12T17:11:20.404] [INFO] out - server runing 
[2018-04-12T17:11:20.554] [INFO] out - 链接成功
[2018-04-12T17:21:53.644] [INFO] default - server runing 
[2018-04-12T17:21:53.777] [INFO] default - 链接成功
[2018-04-12T17:22:07.046] [INFO] default - server runing 
[2018-04-12T17:22:07.176] [INFO] default - 链接成功
[2018-04-12T17:22:12.011] [INFO] default - ReferenceError: sendArr1 is not defined
    at e:\nodeserver\myblog\router\user.js:19:26
    at e:\nodeserver\myblog\node_modules\mongoose\lib\model.js:3932:16
    at process.nextTick (e:\nodeserver\myblog\node_modules\mongoose\lib\query.js:1456:39)
    at _combinedTickCallback (internal/process/next_tick.js:131:7)
    at process._tickCallback (internal/process/next_tick.js:180:9)
